build/app/outputs/mapping/release/seeds.txt
com.example.flutter_graphql.MainActivity: MainActivity()
com.example.flutter_graphql.MainActivity
...
androidx.window.layout.HardwareFoldingFeature: androidx.window.layout.HardwareFoldingFeature$Companion Companion
androidx.window.embedding.SplitRule: boolean equals(java.lang.Object)
androidx.window.embedding.SplitPairFilter: boolean matchesActivityPair(android.app.Activity,android.app.Activity)
androidx.window.embedding.SplitController: java.util.Set getSplitRules()
androidx.window.core.Bounds: boolean isZero()
androidx.window.layout.SidecarCompat$FirstAttachAdapter: void onViewAttachedToWindow(android.view.View)
kotlin.jvm.internal.Lambda: int arity
androidx.window.layout.WindowMetricsCalculatorCompat: void getRectSizeFromDisplay(android.app.Activity,android.graphics.Rect)
kotlin.coroutines.jvm.internal.BaseContinuationImpl: kotlin.coroutines.jvm.internal.CoroutineStackFrame getCallerFrame()
androidx.window.layout.WindowMetricsCalculator$Companion$reset$1: WindowMetricsCalculator$Companion$reset$1()
kotlin.jvm.internal.CallableReference: kotlin.reflect.KVisibility getVisibility()
androidx.window.embedding.ActivityFilter: boolean matchesIntent(android.content.Intent)
androidx.window.core.Version: androidx.window.core.Version parse(java.lang.String)
androidx.window.embedding.ActivityStack: boolean equals(java.lang.Object)
androidx.window.embedding.SplitRuleParser: java.util.Set parseSplitXml(android.content.Context,int)
androidx.window.R$styleable: int[] SplitPairRule
androidx.core.app.CoreComponentFactory: CoreComponentFactory()
io.flutter.embedding.engine.FlutterJNI: void updateJavaAssetManager(android.content.res.AssetManager,java.lang.String)
io.flutter.embedding.engine.FlutterJNI: void asyncWaitForVsync(long)
androidx.window.layout.ExtensionInterfaceCompat: boolean validateExtensionInterface()
io.flutter.embedding.engine.FlutterJNI: void ensureRunningOnMainThread()
androidx.window.embedding.SplitController$Companion: androidx.window.embedding.SplitController getInstance()
androidx.window.embedding.EmbeddingBackend: void registerRule(androidx.window.embedding.EmbeddingRule)
androidx.window.layout.DisplayCompatHelperApi28: androidx.window.layout.DisplayCompatHelperApi28 INSTANCE
androidx.window.embedding.SplitInfo: int hashCode()
androidx.window.layout.SidecarWindowBackend: void setWindowExtension(androidx.window.layout.ExtensionInterfaceCompat)
androidx.window.core.Bounds: int getWidth()
kotlinx.coroutines.EventLoopImplBase$DelayedTaskQueue
io.flutter.plugin.editing.ImeSyncDeferringInsetsCallback: io.flutter.plugin.editing.ImeSyncDeferringInsetsCallback$AnimationCallback animationCallback
androidx.window.layout.WindowMetricsCalculatorCompat: android.view.DisplayCutout getCutoutForDisplay(android.view.Display)
kotlinx.coroutines.channels.BufferOverflow: kotlinx.coroutines.channels.BufferOverflow[] values()
kotlin.jvm.internal.Lambda: int getArity()
io.flutter.embedding.engine.FlutterJNI: java.util.Set engineLifecycleListeners
androidx.core.app.CoreComponentFactory
androidx.window.layout.SidecarCompat$FirstAttachAdapter: void onViewDetachedFromWindow(android.view.View)
androidx.window.core.Version: androidx.window.core.Version access$getUNKNOWN$cp()
io.flutter.embedding.engine.FlutterOverlaySurface: android.view.Surface surface
io.flutter.embedding.engine.FlutterOverlaySurface: FlutterOverlaySurface(int,android.view.Surface)
androidx.window.layout.FoldingFeature$Orientation$Companion: FoldingFeature$Orientation$Companion(kotlin.jvm.internal.DefaultConstructorMarker)
androidx.window.layout.SidecarWindowBackend$WindowLayoutChangeCallbackWrapper
androidx.window.embedding.EmbeddingAdapter: java.util.function.Predicate translateParentMetricsPredicate(androidx.window.embedding.SplitRule)
androidx.window.core.Bounds: boolean isEmpty()
androidx.window.embedding.EmbeddingAdapter: EmbeddingAdapter()
io.flutter.embedding.engine.mutatorsstack.FlutterMutatorsStack
androidx.window.embedding.ActivityRule: java.util.Set getFilters()
io.flutter.embedding.engine.FlutterJNI: boolean initCalled