build/app/outputs/mapping/release/mapping.txt
# compiler: R8
# compiler_version: 2.1.62
# min_api: 16
# pg_map_id: 96ec851
# common_typos_disable
...
kotlinx.coroutines.internal.ScopeCoroutine -> kotlinx.coroutines.internal.x:
    kotlin.coroutines.Continuation uCont -> f
    boolean isScopedCoroutine() -> U
    void afterResume(java.lang.Object) -> t0
    void afterCompletion(java.lang.Object) -> x
    kotlinx.coroutines.Job getParent$kotlinx_coroutines_core() -> x0
kotlinx.coroutines.internal.StackTraceRecoveryKt -> kotlinx.coroutines.internal.y:
    java.lang.String baseContinuationImplClassName -> a
    java.lang.String stackTraceRecoveryClassName -> b
    java.lang.Throwable access$recoverFromStackFrame(java.lang.Throwable,kotlin.coroutines.jvm.internal.CoroutineStackFrame) -> a
    java.lang.StackTraceElement artificialFrame(java.lang.String) -> b
    kotlin.Pair causeAndStacktrace(java.lang.Throwable) -> c
    java.lang.Throwable createFinalException(java.lang.Throwable,java.lang.Throwable,java.util.ArrayDeque) -> d
    java.util.ArrayDeque createStackTrace(kotlin.coroutines.jvm.internal.CoroutineStackFrame) -> e
    boolean elementWiseEquals(java.lang.StackTraceElement,java.lang.StackTraceElement) -> f
    int frameIndex(java.lang.StackTraceElement[],java.lang.String) -> g
    boolean isArtificial(java.lang.StackTraceElement) -> h
    void mergeRecoveredTraces(java.lang.StackTraceElement[],java.util.ArrayDeque) -> i
    java.lang.Throwable recoverFromStackFrame(java.lang.Throwable,kotlin.coroutines.jvm.internal.CoroutineStackFrame) -> j
    java.lang.Throwable recoverStackTrace(java.lang.Throwable) -> k
    java.lang.Throwable sanitizeStackTrace(java.lang.Throwable) -> l
    java.lang.Throwable tryCopyAndVerify(java.lang.Throwable) -> m
    java.lang.Throwable unwrapImpl(java.lang.Throwable) -> n
kotlinx.coroutines.internal.Symbol -> kotlinx.coroutines.internal.z:
    java.lang.String symbol -> a
kotlinx.coroutines.internal.SystemPropsKt -> kotlinx.coroutines.internal.a0:
    int getAVAILABLE_PROCESSORS() -> a
    int systemProp(java.lang.String,int,int,int) -> b
    long systemProp(java.lang.String,long,long,long) -> c
    java.lang.String systemProp(java.lang.String) -> d
    boolean systemProp(java.lang.String,boolean) -> e
    int systemProp$default(java.lang.String,int,int,int,int,java.lang.Object) -> f
    long systemProp$default(java.lang.String,long,long,long,int,java.lang.Object) -> g
kotlinx.coroutines.internal.SystemPropsKt__SystemPropsKt -> kotlinx.coroutines.internal.b0:
    int AVAILABLE_PROCESSORS -> a
    int getAVAILABLE_PROCESSORS() -> a
    java.lang.String systemProp(java.lang.String) -> b
kotlinx.coroutines.internal.SystemPropsKt__SystemProps_commonKt -> kotlinx.coroutines.internal.c0:
    int systemProp(java.lang.String,int,int,int) -> a
    long systemProp(java.lang.String,long,long,long) -> b
    boolean systemProp(java.lang.String,boolean) -> c
    int systemProp$default(java.lang.String,int,int,int,int,java.lang.Object) -> d
    long systemProp$default(java.lang.String,long,long,long,int,java.lang.Object) -> e
kotlinx.coroutines.internal.ThreadContextKt -> kotlinx.coroutines.internal.d0:
    kotlinx.coroutines.internal.Symbol NO_THREAD_ELEMENTS -> a
    kotlin.jvm.functions.Function2 findOne -> c
    kotlin.jvm.functions.Function2 countAll -> b
    kotlin.jvm.functions.Function2 updateState -> d
    void restoreThreadContext(kotlin.coroutines.CoroutineContext,java.lang.Object) -> a
    java.lang.Object threadContextElements(kotlin.coroutines.CoroutineContext) -> b
    java.lang.Object updateThreadContext(kotlin.coroutines.CoroutineContext,java.lang.Object) -> c
kotlinx.coroutines.internal.ThreadContextKt$countAll$1 -> kotlinx.coroutines.internal.d0$a:
    kotlinx.coroutines.internal.ThreadContextKt$countAll$1 INSTANCE -> d
    java.lang.Object invoke(java.lang.Object,kotlin.coroutines.CoroutineContext$Element) -> a