build/app/outputs/mapping/release/usage.txt
com.example.flutter_graphql.R$drawable
com.example.flutter_graphql.R$styleable
com.example.flutter_graphql.R$mipmap
com.example.flutter_graphql.R$color
com.example.flutter_graphql.R$style
com.example.flutter_graphql.R$layout
com.example.flutter_graphql.R$string
com.example.flutter_graphql.R$integer
com.example.flutter_graphql.R$dimen
com.example.flutter_graphql.BuildConfig
com.example.flutter_graphql.R
com.example.flutter_graphql.R$id
com.example.flutter_graphql.R$attr
...
kotlinx.coroutines.flow.FlowKt__BuildersKt$asFlow$$inlined$unsafeFlow$4$1
com.google.common.collect.StandardTable$1
com.google.common.collect.Maps$KeySet
kotlin.text.jdk8.RegexExtensionsJDK8Kt
kotlinx.coroutines.flow.StateFlowImpl
kotlin.properties.ReadOnlyProperty
com.google.common.collect.ImmutableList$SerializedForm
com.google.common.util.concurrent.Service$State$4
io.flutter.plugins.pathprovider.R$dimen
com.google.common.collect.Multiset$Entry
kotlinx.coroutines.flow.FlowKt__TransformKt$withIndex$$inlined$unsafeFlow$1
androidx.core.view.WindowInsetsControllerCompat$Impl30$1
com.google.common.net.MediaType$Tokenizer
androidx.core.app.NotificationManagerCompat$NotifyTask
com.google.common.util.concurrent.Striped$LargeLazyStriped
kotlin.jvm.internal.Ref$BooleanRef
com.google.common.util.concurrent.CombinedFuture$CombinedFutureInterruptibleTask
io.flutter.embedding.android.FlutterSplashView:
    public void <init>(android.content.Context,android.util.AttributeSet)
com.google.common.math.LongMath$1
com.google.common.xml.package-info
kotlin.sequences.SequencesKt__SequencesKt$flatten$1
androidx.core.view.NestedScrollingParent
androidx.fragment.app.ListFragment
kotlin.sequences.SequencesKt___SequencesKt$runningReduceIndexed$1
kotlinx.coroutines.flow.FlowKt__ZipKt$combine$5$1
kotlin.io.FileAlreadyExistsException
kotlinx.coroutines.flow.internal.FlowExceptions_commonKt
com.google.common.collect.DenseImmutableTable$Column
com.google.common.graph.ConfigurableMutableValueGraph
kotlin.io.NoSuchFileException
org.checkerframework.checker.nullness.compatqual.NonNullType
androidx.viewpager.R$dimen
com.google.common.util.concurrent.Callables$3
io.flutter.app.FlutterApplication
com.google.common.collect.ArrayTable$ColumnMap
androidx.core.content.ContextCompat$Api19Impl
com.google.common.reflect.TypeResolver$WildcardCapturer
kotlinx.coroutines.flow.FlowKt__MigrationKt$onErrorReturn$2
org.intellij.lang.annotations.JdkConstants$TitledBorderJustification
kotlinx.coroutines.flow.FlowKt__ZipKt$combineTransform$$inlined$combineTransformUnsafe$FlowKt__ZipKt$3
androidx.loader.content.ModernAsyncTask
com.google.common.base.Predicates$CompositionPredicate
com.google.common.collect.SortedMultisetBridge
androidx.core.view.WindowInsetsCompat$Api21ReflectionHolder
androidx.core.view.accessibility.AccessibilityManagerCompat$AccessibilityStateChangeListener
kotlin.jvm.JvmOverloads
kotlinx.coroutines.ChildJob$DefaultImpls
kotlin.ranges.UIntRange
com.google.common.graph.DirectedGraphConnections$PredAndSucc
org.checkerframework.checker.nullness.compatqual.NullableDecl
androidx.core.view.WindowInsetsCompat$Impl21
com.google.common.collect.MapMakerInternalMap$AbstractStrongKeyEntry
kotlin.ranges.ClosedRange$DefaultImpls
com.google.common.hash.Hashing$Sha256Holder
androidx.core.content.res.GradientColorInflaterCompat$ColorStops
com.google.common.collect.UnmodifiableIterator
com.google.common.cache.LocalCache$WeakEntry
com.google.common.collect.StandardTable$Row$1
com.google.common.collect.AbstractIndexedListIterator
kotlinx.coroutines.ObsoleteCoroutinesApi
androidx.arch.core.internal.SafeIterableMap$Entry:
    void <init>(java.lang.Object,java.lang.Object)
com.google.common.util.concurrent.Striped$3
kotlin.contracts.ExperimentalContracts
com.google.common.collect.TreeRangeSet$SubRangeSet
kotlin.StandardKt__StandardKt
androidx.fragment.R$integer
kotlin.math.MathKt__MathHKt
kotlinx.coroutines.flow.FlowKt__BuildersKt$asFlow$$inlined$unsafeFlow$4
kotlin.time.TimedValue
com.google.common.hash.Murmur3_128HashFunction
com.google.common.cache.LocalCache$WeightedWeakValueReference
com.google.common.util.concurrent.ListenerCallQueue$Event
kotlinx.coroutines.channels.ConflatedBroadcastChannel
kotlinx.coroutines.flow.FlowKt__DelayKt$debounceInternal$1
kotlinx.coroutines.flow.FlowKt__TransformKt$map$$inlined$unsafeTransform$1
kotlinx.coroutines.ChildHandle$DefaultImpls